***  Installation Started 12/26/2017 15:14  ***
Title: Source Insight 3.5 Installation
Source: C:\users\zhanhongluo\Temp\GLBe689.tmp
File Copy: Z:\home\zhanhongluo\luoDoc\sourceinsight3.5\UNWISE.EXE
RegDB Key: Software\Microsoft\Windows\CurrentVersion\Uninstall\Source Insight 3.5
RegDB Val: Source Insight 3.5
RegDB Name: DisplayName
RegDB Root: 2
RegDB Key: Software\Microsoft\Windows\CurrentVersion\Uninstall\Source Insight 3.5
RegDB Val: Z:\home\ZHAN~SWU\luoDoc\SOUR~4VE.5\UNWISE.EXE Z:\home\ZHAN~SWU\luoDoc\SOUR~4VE.5\INSTALL.LOG
RegDB Name: UninstallString
RegDB Root: 2
File Copy: Z:\home\zhanhongluo\luoDoc\sourceinsight3.5\Source Insight.chm
Made Dir: Z:\home\zhanhongluo\luoDoc\sourceinsight3.5\images
File Copy: Z:\home\zhanhongluo\luoDoc\sourceinsight3.5\images\SubBack.jpg
File Copy: Z:\home\zhanhongluo\luoDoc\sourceinsight3.5\images\1p.gif
File Copy: Z:\home\zhanhongluo\luoDoc\sourceinsight3.5\main.css
File Copy: Z:\home\zhanhongluo\luoDoc\sourceinsight3.5\Changes.html
File Copy: Z:\home\zhanhongluo\luoDoc\sourceinsight3.5\changes.txt
File Copy: Z:\home\zhanhongluo\luoDoc\sourceinsight3.5\utils.em
File Copy: Z:\home\zhanhongluo\luoDoc\sourceinsight3.5\StdConst.bas
File Copy: Z:\home\zhanhongluo\luoDoc\sourceinsight3.5\sihook3.exe
File Copy: Z:\home\zhanhongluo\luoDoc\sourceinsight3.5\readme.txt
File Copy: Z:\home\zhanhongluo\luoDoc\sourceinsight3.5\Newsetup.ini
Made Dir: Z:\home\zhanhongluo\luoDoc\sourceinsight3.5\BACKUP
File Overwrite: Z:\home\zhanhongluo\luoDoc\sourceinsight3.5\Insight3.Exe
Backup Copy: Z:\home\zhanhongluo\luoDoc\sourceinsight3.5\BACKUP\Insight3.Exe
File Copy: Z:\home\zhanhongluo\luoDoc\sourceinsight3.5\FileAlias.txt
File Copy: Z:\home\zhanhongluo\luoDoc\sourceinsight3.5\C.tom
File Copy: Z:\home\zhanhongluo\luoDoc\sourceinsight3.5\eula.txt
Made Dir: C:\users\Public\Start Menu\Programs\Source Insight 3
Shell Link: C:\users\Public\Start Menu\Programs\Source Insight 3\ReadMe.lnk
Shell Link: C:\users\Public\Start Menu\Programs\Source Insight 3\Source Insight 3.5.lnk
Shell Link: C:\users\Public\Start Menu\Programs\Source Insight 3\License Agreement.lnk
Shell Link: C:\users\Public\Start Menu\Programs\Source Insight 3\Change History.lnk
Made Dir: C:\users\zhanhongluo\Start Menu\Programs\Source Insight 3
Shell Link: C:\users\zhanhongluo\Start Menu\Programs\Source Insight 3\Source Insight Help.lnk
RegDB Key: Software\Microsoft\Windows\CurrentVersion\App Paths\insight3.exe
RegDB Val: Z:\home\zhanhongluo\luoDoc\sourceinsight3.5\insight3.exe
RegDB Root: 2
RegDB Key: Software\Microsoft\Windows\CurrentVersion\App Paths\insight3.exe
RegDB Val: Z:\home\zhanhongluo\luoDoc\sourceinsight3.5
RegDB Name: Path
RegDB Root: 2
RegDB Key: SOFTWARE\Source Dynamics\Source Insight\3.0\Paths
RegDB Val: Z:\home\zhanhongluo\luoDoc\sourceinsight3.5
RegDB Name: InitDir
RegDB Root: 2
RegDB Old: Z:\home\zhanhongluo\luoDoc\sourceinsight3.5
RegDB Key: SOFTWARE\Source Dynamics\Source Insight\3.0\Paths
RegDB Val: Z:\home\zhanhongluo\luoDoc\sourceinsight3.5\Backup
RegDB Name: BackupDir
RegDB Root: 2
RegDB Key: .PR
RegDB Val: insight.Project
RegDB Key: insight.Project
RegDB Val: Source Insight Project
RegDB Key: insight.Project\shell\open\command
RegDB Val: Z:\home\zhanhongluo\luoDoc\sourceinsight3.5\insight3.exe -p "%1"
RegDB Key: insight.Project\DefaultIcon
RegDB Val: Z:\home\zhanhongluo\luoDoc\sourceinsight3.5\insight3.exe,1
RegDB Key: .CF
RegDB Val: insight.Configuration
RegDB Key: insight.Configuration
RegDB Val: Source Insight Configuration File
RegDB Key: insight.Configuration\shell\open\command
RegDB Val: Z:\home\zhanhongluo\luoDoc\sourceinsight3.5\insight3.exe -i "%1"
RegDB Key: insight.Configuration\DefaultIcon
RegDB Val: Z:\home\zhanhongluo\luoDoc\sourceinsight3.5\insight3.exe,2
RegDB Key: .CF3
RegDB Val: insight.Configuration
RegDB Key: insight.Configuration
RegDB Val: Source Insight Configuration File
RegDB Old: Source Insight Configuration File
RegDB Key: insight.Configuration\shell\open\command
RegDB Val: Z:\home\zhanhongluo\luoDoc\sourceinsight3.5\insight3.exe -i "%1"
RegDB Old: Z:\home\zhanhongluo\luoDoc\sourceinsight3.5\insight3.exe -i "%1"
RegDB Key: insight.Configuration\DefaultIcon
RegDB Val: Z:\home\zhanhongluo\luoDoc\sourceinsight3.5\insight3.exe,2
RegDB Old: Z:\home\zhanhongluo\luoDoc\sourceinsight3.5\insight3.exe,2
RegDB Key: .WK
RegDB Val: insight.Workspace
RegDB Key: .RCV
RegDB Val: insight.Recovery
RegDB Key: insight.Recovery
RegDB Val: Source Insight Recovery File
RegDB Key: insight.Recovery\shell\open\command
RegDB Val: Z:\home\zhanhongluo\luoDoc\sourceinsight3.5\insight3.exe "%1"
RegDB Key: .TOM
RegDB Val: insight.TokenMacro
RegDB Key: insight.TokenMacro
RegDB Val: Source Insight Token Macros
RegDB Key: insight.TokenMacro\shell\open\command
RegDB Val: Z:\home\zhanhongluo\luoDoc\sourceinsight3.5\insight3.exe -i "%1"
RegDB Key: .WK3
RegDB Val: insight.Workspace
RegDB Key: insight.Workspace
RegDB Val: Source Insight Workspace File
RegDB Key: .SearchResults
RegDB Val: insight.SearchResults
RegDB Key: insight.SearchResults
RegDB Val: Source Insight Search Results
RegDB Key: insight.SearchResults\shell\open\command
RegDB Val: Z:\home\zhanhongluo\luoDoc\sourceinsight3.5\insight3.exe -i "%1"
RegDB Key: .EM
RegDB Val: insight.Macro File
RegDB Key: insight.Macro File
RegDB Val: Source Insight Macro
RegDB Key: insight.Macro File\shell\open\command
RegDB Val: Z:\home\zhanhongluo\luoDoc\sourceinsight3.5\insight3.exe -i "%1"
RegDB Key: .CLF
RegDB Val: insight3.CustLangFile
RegDB Key: insight3.CustLangFile
RegDB Val: Source Insight Custom Language
RegDB Key: insight3.CustLangFile\shell\open\command
RegDB Val: Z:\home\zhanhongluo\luoDoc\sourceinsight3.5\insight3.exe %1
RegDB Key: Software\Microsoft\Windows\CurrentVersion\Uninstall\Source Insight 3.5
RegDB Val: 425-557-3630
RegDB Name: HelpTelephone
RegDB Root: 2
RegDB Key: Software\Microsoft\Windows\CurrentVersion\Uninstall\Source Insight 3.5
RegDB Val: Source Dynamics, Inc.
RegDB Name: Publisher
RegDB Root: 2
RegDB Key: Software\Microsoft\Windows\CurrentVersion\Uninstall\Source Insight 3.5
RegDB Val: http://www.sourceinsight.com/support.html
RegDB Name: URLInfoAbout
RegDB Root: 2
RegDB Key: Software\Microsoft\Windows\CurrentVersion\Uninstall\Source Insight 3.5
RegDB Val: support@sourceinsight.com
RegDB Name: Contact
RegDB Root: 2
User Rights: Admin
